<?xml version="1.0" encoding="UTF-8"?>
<testsuite name="paladin.avro.AvroApplicationTests" tests="1" skipped="0" failures="0" errors="0" timestamp="2025-03-29T09:54:10.371Z" hostname="Jareds-MBP.modem" time="0.387">
  <properties/>
  <testcase name="contextLoads()" classname="paladin.avro.AvroApplicationTests" time="0.387"/>
  <system-out><![CDATA[20:54:09.917 [Test worker] INFO org.springframework.test.context.support.AnnotationConfigContextLoaderUtils -- Could not detect default configuration classes for test class [paladin.avro.AvroApplicationTests]: AvroApplicationTests does not declare any static, non-private, non-final, nested classes annotated with @Configuration.
20:54:09.963 [Test worker] INFO org.springframework.boot.test.context.SpringBootTestContextBootstrapper -- Found @SpringBootConfiguration paladin.avro.AvroApplication for test class paladin.avro.AvroApplicationTests

  .   ____          _            __ _ _
 /\\ / ___'_ __ _ _(_)_ __  __ _ \ \ \ \
( ( )\___ | '_ | '_| | '_ \/ _` | \ \ \ \
 \\/  ___)| |_)| | | | | || (_| |  ) ) ) )
  '  |____| .__|_| |_|_| |_\__, | / / / /
 =========|_|==============|___/=/_/_/_/

 :: Spring Boot ::                (v3.4.4)

2025-03-29T20:54:10.109+11:00  INFO 71859 --- [Avro] [    Test worker] paladin.avro.AvroApplicationTests        : Starting AvroApplicationTests using Java 21.0.3 with PID 71859 (started by jtucker in /Users/jtucker/Github/Paladin/utility/Avro)
2025-03-29T20:54:10.110+11:00  INFO 71859 --- [Avro] [    Test worker] paladin.avro.AvroApplicationTests        : No active profile set, falling back to 1 default profile: "default"
2025-03-29T20:54:10.370+11:00  INFO 71859 --- [Avro] [    Test worker] paladin.avro.AvroApplicationTests        : Started AvroApplicationTests in 0.353 seconds (process running for 0.818)
]]></system-out>
  <system-err><![CDATA[Mockito is currently self-attaching to enable the inline-mock-maker. This will no longer work in future releases of the JDK. Please add Mockito as an agent to your build what is described in Mockito's documentation: https://javadoc.io/doc/org.mockito/mockito-core/latest/org/mockito/Mockito.html#0.3
WARNING: A Java agent has been loaded dynamically (/Users/jtucker/.gradle/caches/modules-2/files-2.1/net.bytebuddy/byte-buddy-agent/1.15.11/a38b16385e867f59a641330f0362ebe742788ed8/byte-buddy-agent-1.15.11.jar)
WARNING: If a serviceability tool is in use, please run with -XX:+EnableDynamicAgentLoading to hide this warning
WARNING: If a serviceability tool is not in use, please run with -Djdk.instrument.traceUsage for more information
WARNING: Dynamic loading of agents will be disallowed by default in a future release
]]></system-err>
</testsuite>
